<?xml version='1.0' encoding='UTF-8'?>
<testsuite hostname="DESKTOP-FP8M2RQ" name="edu.ucsb.cs.cs162.regex.RegexSpec" tests="1" errors="1" failures="0" skipped="0" time="0.019" timestamp="2018-10-20T13:55:04">
                     <properties>
[...]
</properties>
                     <testcase classname="edu.ucsb.cs.cs162.regex.RegexSpec" name="(It is not a test it is a sbt.testing.SuiteSelector)" time="0.019">
                                                 <error message="scala.NotImplementedError: an implementation is missing" type="sbt.ForkMain$ForkError">sbt.ForkMain$ForkError: scala.NotImplementedError: an implementation is missing
	at scala.Predef$.$qmark$qmark$qmark(Predef.scala:284)
	at edu.ucsb.cs.cs162.regex.package$RegexBuilder$.$plus$extension(RichRegex.scala:36)
	at edu.ucsb.cs.cs162.regex.RegexSpec.&lt;init&gt;(RegexSpec.scala:16)
	at java.base/jdk.internal.reflect.NativeConstructorAccessorImpl.newInstance0(Native Method)
	at java.base/jdk.internal.reflect.NativeConstructorAccessorImpl.newInstance(Unknown Source)
	at java.base/jdk.internal.reflect.DelegatingConstructorAccessorImpl.newInstance(Unknown Source)
	at java.base/java.lang.reflect.Constructor.newInstance(Unknown Source)
	at java.base/java.lang.Class.newInstance(Unknown Source)
	at org.scalatest.tools.Framework$ScalaTestTask.execute(Framework.scala:435)
	at sbt.ForkMain$Run.lambda$runTest$1(ForkMain.java:304)
	at java.base/java.util.concurrent.FutureTask.run(Unknown Source)
	at java.base/java.util.concurrent.ThreadPoolExecutor.runWorker(Unknown Source)
	at java.base/java.util.concurrent.ThreadPoolExecutor$Worker.run(Unknown Source)
	at java.base/java.lang.Thread.run(Unknown Source)
</error>
                                               </testcase>
                     <system-out><![CDATA[]]></system-out>
                     <system-err><![CDATA[]]></system-err>
                   </testsuite>