<?xml version='1.0' encoding='UTF-8'?>
<testsuite hostname="DESKTOP-FP8M2RQ" name="edu.ucsb.cs.cs162.range_set.RangeSetSpec" tests="11" errors="0" failures="0" skipped="0" time="0.032" timestamp="2018-10-22T16:03:36">
                     <properties>
[...]
</properties>
                     <testcase classname="edu.ucsb.cs.cs162.range_set.RangeSetSpec" name="a range set should be constructable with arbitrary type-correct inputs 1" time="0.01">
                                                 
                                               </testcase><testcase classname="edu.ucsb.cs.cs162.range_set.RangeSetSpec" name="a range set should be constructable with arbitrary type-correct inputs 2" time="0.001">
                                                 
                                               </testcase><testcase classname="edu.ucsb.cs.cs162.range_set.RangeSetSpec" name="a range set should be constructable with arbitrary type-correct inputs 3" time="0.002">
                                                 
                                               </testcase><testcase classname="edu.ucsb.cs.cs162.range_set.RangeSetSpec" name="a range set should compute set union correctly 1" time="0.001">
                                                 
                                               </testcase><testcase classname="edu.ucsb.cs.cs162.range_set.RangeSetSpec" name="a range set should compute set union correctly 2" time="0.001">
                                                 
                                               </testcase><testcase classname="edu.ucsb.cs.cs162.range_set.RangeSetSpec" name="a range set should compute set union correctly 3" time="0.007">
                                                 
                                               </testcase><testcase classname="edu.ucsb.cs.cs162.range_set.RangeSetSpec" name="a range set should compute set intersection correctly" time="0.002">
                                                 
                                               </testcase><testcase classname="edu.ucsb.cs.cs162.range_set.RangeSetSpec" name="a range set should compute set intersection correctly 2" time="0.005">
                                                 
                                               </testcase><testcase classname="edu.ucsb.cs.cs162.range_set.RangeSetSpec" name="a range set should compute set complement correctly" time="0.001">
                                                 
                                               </testcase><testcase classname="edu.ucsb.cs.cs162.range_set.RangeSetSpec" name="a range set should compute set equality correctly" time="0.001">
                                                 
                                               </testcase><testcase classname="edu.ucsb.cs.cs162.range_set.RangeSetSpec" name="a range set should handle extreme ranges correctly" time="0.001">
                                                 
                                               </testcase>
                     <system-out><![CDATA[]]></system-out>
                     <system-err><![CDATA[]]></system-err>
                   </testsuite>