[0m[[0m[0mdebug[0m] [0m[0mjavaOptions: Vector()[0m
[0m[[0m[0mdebug[0m] [0m[0mForking tests - parallelism = false[0m
[0m[[0m[0mdebug[0m] [0m[0mCreate a single-thread test executor[0m
[0m[[0m[0mdebug[0m] [0m[0mRunner for org.scalatest.tools.Framework produced 1 initial tasks for 1 tests.[0m
[0m[[0m[0mdebug[0m] [0m[0m  Running TaskDef(edu.ucsb.cs.cs162.regex.RegexSpec, sbt.ForkMain$SubclassFingerscan@75b28a65, false, [SuiteSelector])[0m
[0m[[0m[0minfo[0m] [0m[0m[32mRegexSpec:[0m[0m
[0m[[0m[0minfo[0m] [0m[0m[32ma regex[0m[0m
[0m[[0m[0minfo[0m] [0m[0m[32m- should be buildable using `~`[0m[0m
[0m[[0m[0minfo[0m] [0m[0m[31m- should be buildable using `|` *** FAILED ***[0m[0m
[0m[[0m[0minfo[0m] [0m[0m[31m  ((a | (b ~ (b)*)) | âˆ…) did not equal (a | (b ~ (b)*)) (RegexSpec.scala:38)[0m[0m
[0m[[0m[0minfo[0m] [0m[0m[31m- should be buildable using `*` *** FAILED ***[0m[0m
[0m[[0m[0minfo[0m] [0m[0m[31m  (âˆ…)* did not equal Îµ (RegexSpec.scala:51)[0m[0m
[0m[[0m[0minfo[0m] [0m[0m[31m- should be buildable using `!` *** FAILED ***[0m[0m
[0m[[0m[0minfo[0m] [0m[0m[31m  !(!((a | (b ~ (b)*)))) did not equal (a | (b ~ (b)*)) (RegexSpec.scala:59)[0m[0m
[0m[[0m[0minfo[0m] [0m[0m[31m- should be buildable using `&` *** FAILED ***[0m[0m
[0m[[0m[0minfo[0m] [0m[0m[31m  (âˆ… & (a | (b ~ (b)*))) did not equal âˆ… (RegexSpec.scala:67)[0m[0m
[0m[[0m[0minfo[0m] [0m[0m[31m- should be buildable using `^` *** FAILED ***[0m[0m
[0m[[0m[0minfo[0m] [0m[0m[31m  ((a | (b ~ (b)*)) ~ ((a | (b ~ (b)*)) ~ ((a | (b ~ (b)*)) ~ ((a | (b ~ (b)*)) ~ ((a | (b ~ (b)*)) ~ Îµ))))) did not equal (((((a | (b ~ (b)*)) ~ (a | (b ~ (b)*))) ~ (a | (b ~ (b)*))) ~ (a | (b ~ (b)*))) ~ (a | (b ~ (b)*))) (RegexSpec.scala:76)[0m[0m
[0m[[0m[0minfo[0m] [0m[0m[31m- should be buildable using `>=` *** FAILED ***[0m[0m
[0m[[0m[0minfo[0m] [0m[0m[31m  (((a | (b ~ (b)*)) ~ ((a | (b ~ (b)*)) ~ ((a | (b ~ (b)*)) ~ Îµ))) ~ ((a | (b ~ (b)*)))*) did not equal ((((a | (b ~ (b)*)) ~ (a | (b ~ (b)*))) ~ (a | (b ~ (b)*))) ~ ((a | (b ~ (b)*)))*) (RegexSpec.scala:80)[0m[0m
[0m[[0m[0minfo[0m] [0m[0m[31m- should be buildable using `<=` *** FAILED ***[0m[0m
[0m[[0m[0minfo[0m] [0m[0m[31m  (((a | (b ~ (b)*)) | Îµ) ~ (((a | (b ~ (b)*)) | Îµ) ~ (((a | (b ~ (b)*)) | Îµ) ~ Îµ))) did not equal (((Îµ | (a | (b ~ (b)*))) | ((a | (b ~ (b)*)) ~ (a | (b ~ (b)*)))) | (((a | (b ~ (b)*)) ~ (a | (b ~ (b)*))) ~ (a | (b ~ (b)*)))) (RegexSpec.scala:84)[0m[0m
[0m[[0m[0minfo[0m] [0m[0m[31m- should be buildable using `<=>` *** FAILED ***[0m[0m
[0m[[0m[0minfo[0m] [0m[0m[31m  (((a | (b ~ (b)*)) ~ ((a | (b ~ (b)*)) ~ Îµ)) ~ (((a | (b ~ (b)*)) | Îµ) ~ (((a | (b ~ (b)*)) | Îµ) ~ (((a | (b ~ (b)*)) | Îµ) ~ Îµ)))) did not equal ((((a | (b ~ (b)*)) ~ (a | (b ~ (b)*))) ~ ((a | (b ~ (b)*)))*) & (((Îµ | (a | (b ~ (b)*))) | ((a | (b ~ (b)*)) ~ (a | (b ~ (b)*)))) | (((a | (b ~ (b)*)) ~ (a | (b ~ (b)*))) ~ (a | (b ~ (b)*))))) (RegexSpec.scala:88)[0m[0m
[0m[[0m[0minfo[0m] [0m[0m[32m- should be buildable using convenience methods 1[0m[0m
[0m[[0m[0minfo[0m] [0m[0m[32m- should be buildable using convenience methods 2[0m[0m
[0m[[0m[0minfo[0m] [0m[0m[32m- should be buildable using convenience methods 3[0m[0m
[0m[[0m[0minfo[0m] [0m[0m[32m- should be buildable using convenience methods 4[0m[0m
[0m[[0m[0minfo[0m] [0m[0m[32m- should be buildable using convenience methods 5[0m[0m
[0m[[0m[0minfo[0m] [0m[0m[32m- should be buildable using convenience methods 6[0m[0m
[0m[[0m[0minfo[0m] [0m[0m[31m- should be buildable using convenience methods 7 *** FAILED ***[0m[0m
[0m[[0m[0minfo[0m] [0m[0m[31m  (b | Îµ) did not equal (Îµ | b) (RegexSpec.scala:117)[0m[0m
[0m[[0m[0minfo[0m] [0m[0m[31m- should be buildable using convenience methods 8 *** FAILED ***[0m[0m
[0m[[0m[0minfo[0m] [0m[0m[31m  (b ~ (b ~ (b ~ Îµ))) did not equal ((b ~ b) ~ b) (RegexSpec.scala:121)[0m[0m
[0m[[0m[0minfo[0m] [0m[0m[31m- should be buildable using convenience methods 9 *** FAILED ***[0m[0m
[0m[[0m[0minfo[0m] [0m[0m[31m  ((b ~ (b ~ Îµ)) ~ (b)*) did not equal ((b ~ b) ~ (b)*) (RegexSpec.scala:125)[0m[0m
[0m[[0m[0minfo[0m] [0m[0m[31m- should be buildable using convenience methods 10 *** FAILED ***[0m[0m
[0m[[0m[0minfo[0m] [0m[0m[31m  ((b | Îµ) ~ ((b | Îµ) ~ Îµ)) did not equal ((Îµ | b) | (b ~ b)) (RegexSpec.scala:129)[0m[0m
[0m[[0m[0minfo[0m] [0m[0m[31m- should be buildable using convenience methods 11 *** FAILED ***[0m[0m
[0m[[0m[0minfo[0m] [0m[0m[31m  ((b ~ Îµ) ~ ((b | Îµ) ~ ((b | Îµ) ~ ((b | Îµ) ~ Îµ)))) did not equal ((b ~ (b)*) & (((Îµ | b) | (b ~ b)) | ((b ~ b) ~ b))) (RegexSpec.scala:133)[0m[0m
[0m[[0m[0minfo[0m] [0m[0m[32m- should be buildable from strings[0m[0m
[0m[[0m[0minfo[0m] [0m[0m[31m- should pretty-print correctly *** FAILED ***[0m[0m
[0m[[0m[0minfo[0m] [0m[0m[31m  "...nion[0m[0m
[0m[[0m[0minfo[0m] [0m[0m[31m  â”œâ”€ Union[0m[0m
[0m[[0m[0minfo[0m] [0m[0m[31m  â”‚  â”œâ”€ [b[0m[0m
[0m[[0m[0minfo[0m] [0m[0m[31m  â”‚  â””â”€ Îµ[0m[0m
[0m[[0m[0minfo[0m] [0m[0m[31m  â””â”€ Concatenate[0m[0m
[0m[[0m[0minfo[0m] [0m[0m[31m     â”œâ”€ Concatenate[0m[0m
[0m[[0m[0minfo[0m] [0m[0m[31m     â”‚  â”œâ”€ c[0m[0m
[0m[[0m[0minfo[0m] [0m[0m[31m     â”‚  â””â”€ Îµ][0m[0m
[0m[[0m[0minfo[0m] [0m[0m[31m     â””â”€ KleeneStar[0m[0m
[0m[[0m[0minfo[0m] [0m[0m[31m    ..." did not equal "...nion[0m[0m
[0m[[0m[0minfo[0m] [0m[0m[31m  â”œâ”€ Union[0m[0m
[0m[[0m[0minfo[0m] [0m[0m[31m  â”‚  â”œâ”€ [Îµ[0m[0m
[0m[[0m[0minfo[0m] [0m[0m[31m  â”‚  â””â”€ b[0m[0m
[0m[[0m[0minfo[0m] [0m[0m[31m  â””â”€ Concatenate[0m[0m
[0m[[0m[0minfo[0m] [0m[0m[31m     â”œâ”€ c][0m[0m
[0m[[0m[0minfo[0m] [0m[0m[31m     â””â”€ KleeneStar[0m[0m
[0m[[0m[0minfo[0m] [0m[0m[31m    ..." (RegexSpec.scala:142)[0m[0m
[0m[[0m[0minfo[0m] [0m[0m[32mnullable[0m[0m
[0m[[0m[0minfo[0m] [0m[0m[33m- should recognize a nullable regex 1 (pending)[0m[0m
[0m[[0m[0minfo[0m] [0m[0m[33m- should recognize a non-nullable regex 1 (pending)[0m[0m
[0m[[0m[0mdebug[0m] [0m[0m    Produced 0 nested tasks and 24 events.[0m
[0m[[0m[0minfo[0m] [0m[0m[36mRun completed in 2 seconds, 133 milliseconds.[0m[0m
[0m[[0m[0minfo[0m] [0m[0m[36mTotal number of tests run: 22[0m[0m
[0m[[0m[0minfo[0m] [0m[0m[36mSuites: completed 1, aborted 0[0m[0m
[0m[[0m[0minfo[0m] [0m[0m[36mTests: succeeded 8, failed 14, canceled 0, ignored 0, pending 2[0m[0m
[0m[[0m[0minfo[0m] [0m[0m[31m*** 14 TESTS FAILED ***[0m[0m
[0m[[0m[31merror[0m] [0m[0mFailed tests:[0m
[0m[[0m[31merror[0m] [0m[0m	edu.ucsb.cs.cs162.regex.RegexSpec[0m
[0m[[0m[31merror[0m] [0m[0m(Test / [31mtestOnly[0m) sbt.TestsFailedException: Tests unsuccessful[0m
